<?xml version="1.0" encoding="UTF-8"?>
<!-- Generated by org.testng.reporters.JUnitReportReporter -->
<testsuite hostname="HP" failures="0" tests="1" name="test.Day2" time="0.008" errors="0" timestamp="2023-04-27T18:48:24 IST" skipped="0">
  <testcase classname="test.Day2" name="ploan" time="0.008"/>
  <system-out/>
</testsuite> <!-- test.Day2 -->
