<?xml version="1.0" encoding="UTF-8"?>
<!-- Generated by org.testng.reporters.JUnitReportReporter -->
<testsuite hostname="HP" failures="0" tests="2" name="test.Demo" time="0.002" errors="0" timestamp="2023-04-27T18:48:24 IST" skipped="0">
  <testcase classname="test.Demo" name="display" time="0.001"/>
  <system-out/>
  <testcase classname="test.Demo" name="secondTest" time="0.001"/>
  <system-out/>
</testsuite> <!-- test.Demo -->
