<?xml version="1.0" encoding="UTF-8"?>
<!-- Generated by org.testng.reporters.JUnitReportReporter -->
<testsuite hostname="HP" failures="0" tests="3" name="test.Day4" time="0.002" errors="0" timestamp="2023-04-27T18:48:24 IST" skipped="0">
  <testcase classname="test.Day4" name="mobileLoginHomeLoan" time="0.001"/>
  <system-out/>
  <testcase classname="test.Day4" name="loginAPIhomeLoan" time="0.001"/>
  <system-out/>
  <testcase classname="test.Day4" name="webLoginHomeLoan" time="0.000"/>
  <system-out/>
</testsuite> <!-- test.Day4 -->
