<?xml version="1.0" encoding="UTF-8"?>
<!-- Generated by org.testng.reporters.JUnitReportReporter -->
<testsuite hostname="HP" failures="0" tests="1" name="tests.TestExample" time="1.736" errors="0" timestamp="2023-02-17T22:59:04 IST" skipped="0">
  <testcase classname="tests.TestExample" name="test_1" time="1.736"/>
  <system-out/>
</testsuite> <!-- tests.TestExample -->
